28.01.2013  14:57:36   
28.01.2013  14:57:36   
28.01.2013  14:57:36    | MHDD 4.6 (c) Dmitry Postrigan | FREEWARE
28.01.2013  14:57:36   Changing mode to: IDE
28.01.2013  14:57:56   Changing mode to: IDE
28.01.2013  14:57:56   Device selected: 10
28.01.2013  14:57:59   
28.01.2013  14:57:59   MHDD>SCAN 
28.01.2013  14:57:59   TOSHIBA MK1652GSX  LBA: 312,581,808
28.01.2013  14:57:59   SN: 582DT45MT  FW: LV011D
28.01.2013  14:58:43   Scan started
28.01.2013  14:58:43   MODE: IDE
28.01.2013  14:58:43   Device: TOSHIBA MK1652GSX
28.01.2013  14:58:43   F/W: LV011D
28.01.2013  14:58:43   SN: 582DT45MT
28.01.2013  14:58:43   -------------------------------
28.01.2013  14:58:43   Lap : 1
28.01.2013  14:58:43   LBA scan: 0 to 312581807
28.01.2013  15:34:08   þ LBA warning: 233091930
28.01.2013  15:34:08   þ LBA warning: 233092185
28.01.2013  15:34:09   þ LBA warning: 233092950
28.01.2013  15:34:11   þ LBA Warning: 233107230
28.01.2013  15:35:06   þ LBA Error: 237351718
28.01.2013  15:35:06   þ LBA Warning: 237356295
28.01.2013  15:35:06   þ LBA Warning: 237363945
28.01.2013  15:35:07   þ LBA Warning: 237364200
28.01.2013  15:35:07   þ LBA Warning: 237376440
28.01.2013  15:35:09   þ LBA Warning: 237414435
28.01.2013  15:35:15   þ LBA Error: 237442253
28.01.2013  15:35:17   þ LBA Warning: 237570240
28.01.2013  15:35:17   þ LBA Warning: 237571005
28.01.2013  15:35:19   þ LBA warning: 237572025
28.01.2013  15:36:06   þ LBA Warning: 240613920
28.01.2013  15:36:07   þ LBA Warning: 240638655
28.01.2013  15:36:08   þ LBA Warning: 240749070
28.01.2013  15:36:09   þ LBA Warning: 240769725
28.01.2013  15:36:13   þ LBA warning: 240971430
28.01.2013  15:36:18   þ LBA Warning: 241216485
28.01.2013  15:36:18   þ LBA Warning: 241231530
28.01.2013  15:36:19   þ LBA warning: 241245555
28.01.2013  15:36:28   þ LBA Warning: 241795845
28.01.2013  15:36:29   þ LBA warning: 241798650
28.01.2013  15:36:30   þ LBA Warning: 241799670
28.01.2013  15:36:31   þ LBA warning: 241801455
28.01.2013  15:36:31   þ LBA Warning: 241804260
28.01.2013  15:36:32   þ LBA warning: 241805025
28.01.2013  15:36:33   þ LBA warning: 241805280
28.01.2013  15:36:35   þ LBA warning: 241806300
28.01.2013  15:36:36   þ LBA warning: 241808085
28.01.2013  15:36:36   þ LBA Warning: 241809870
28.01.2013  15:36:37   þ LBA Warning: 241810125
28.01.2013  15:36:37   þ LBA warning: 241810635
28.01.2013  15:36:39   þ LBA warning: 241810890
28.01.2013  15:36:39   þ LBA Warning: 241814715
28.01.2013  15:36:40   þ LBA Warning: 241819305
28.01.2013  15:36:40   þ LBA Warning: 241820325
28.01.2013  15:36:40   þ LBA Warning: 241821090
28.01.2013  15:36:41   þ LBA Warning: 241821345
28.01.2013  15:36:42   þ LBA warning: 241822110
28.01.2013  15:36:42   þ LBA Warning: 241822365
28.01.2013  15:36:42   þ LBA Warning: 241823895
28.01.2013  15:36:43   þ LBA warning: 241824915
28.01.2013  15:36:45   þ LBA warning: 241825935
28.01.2013  15:36:46   þ LBA Warning: 241826955
28.01.2013  15:36:49   þ LBA warning: 241830525
28.01.2013  15:36:49   þ LBA Warning: 241830780
28.01.2013  15:36:50   þ LBA warning: 241832565
28.01.2013  15:36:51   þ LBA warning: 241833585
28.01.2013  15:36:51   þ LBA Warning: 241834350
28.01.2013  15:36:51   þ LBA Warning: 241834605
28.01.2013  15:36:52   þ LBA Warning: 241836135
28.01.2013  15:36:53   þ LBA warning: 241837155
28.01.2013  15:36:53   þ LBA Warning: 241838175
28.01.2013  15:36:54   þ LBA warning: 241839195
28.01.2013  15:36:54   þ LBA Warning: 241839960
28.01.2013  15:36:55   þ LBA Warning: 241840215
28.01.2013  15:36:55   þ LBA Warning: 241840980
28.01.2013  15:36:55   þ LBA Warning: 241841235
28.01.2013  15:36:56   þ LBA warning: 241842765
28.01.2013  15:36:56   þ LBA warning: 241843785
28.01.2013  15:36:58   þ LBA warning: 241844805
28.01.2013  15:36:58   þ LBA Warning: 241846590
28.01.2013  15:36:59   þ LBA warning: 241847610
28.01.2013  15:36:59   þ LBA warning: 241848375
28.01.2013  15:37:01   þ LBA warning: 241848630
28.01.2013  15:37:01   þ LBA Warning: 241849395
28.01.2013  15:37:01   þ LBA Warning: 241850415
28.01.2013  15:37:02   þ LBA warning: 241851435
28.01.2013  15:37:03   þ LBA warning: 241852455
28.01.2013  15:37:03   þ LBA Warning: 241853220
28.01.2013  15:37:03   þ LBA warning: 241853985
28.01.2013  15:37:05   þ LBA warning: 241854240
28.01.2013  15:37:07   þ LBA warning: 241856025
28.01.2013  15:37:08   þ LBA Warning: 241859085
28.01.2013  15:37:09   þ LBA warning: 241860615
28.01.2013  15:37:09   þ LBA Warning: 241861890
28.01.2013  15:37:11   þ LBA warning: 241862400
28.01.2013  15:37:16   þ LBA Error: 241862755
28.01.2013  15:37:17   þ LBA warning: 241863675
28.01.2013  15:37:19   þ LBA warning: 241864440
28.01.2013  15:37:19   þ LBA warning: 241864695
28.01.2013  15:37:21   þ LBA warning: 241865460
28.01.2013  15:37:21   þ LBA Warning: 241865715
28.01.2013  15:37:22   þ LBA Warning: 241867245
28.01.2013  15:37:22   þ LBA Warning: 241868010
28.01.2013  15:37:22   þ LBA warning: 241868265
28.01.2013  15:37:23   þ LBA Warning: 241870305
28.01.2013  15:37:23   þ LBA Warning: 241871070
28.01.2013  15:37:23   þ LBA warning: 241872090
28.01.2013  15:37:24   þ LBA Warning: 241872855
28.01.2013  15:37:24   þ LBA Warning: 241873110
28.01.2013  15:37:26   þ LBA warning: 241873875
28.01.2013  15:37:26   þ LBA Warning: 241874640
28.01.2013  15:37:27   þ LBA Warning: 241874895
28.01.2013  15:37:27   þ LBA Warning: 241875915
28.01.2013  15:37:29   þ LBA warning: 241876680
28.01.2013  15:37:29   þ LBA Warning: 241877700
28.01.2013  15:37:29   þ LBA Warning: 241878720
28.01.2013  15:37:30   þ LBA warning: 241879485
28.01.2013  15:37:31   þ LBA warning: 241880505
28.01.2013  15:37:32   þ LBA warning: 241881270
28.01.2013  15:37:34   þ LBA warning: 241883310
28.01.2013  15:37:34   þ LBA Warning: 241883565
28.01.2013  15:37:36   þ LBA warning: 241884330
28.01.2013  15:37:36   þ LBA Warning: 241886115
28.01.2013  15:37:37   þ LBA Warning: 241886370
28.01.2013  15:37:37   þ LBA Warning: 241886880
28.01.2013  15:37:41   þ LBA Error: 241887162
28.01.2013  15:37:43   þ LBA warning: 241887900
28.01.2013  15:37:43   þ LBA Warning: 241888920
28.01.2013  15:37:44   þ LBA Warning: 241891725
28.01.2013  15:37:48   þ LBA Error: 241892879
28.01.2013  15:37:49   þ LBA warning: 241893765
28.01.2013  15:37:49   þ LBA Warning: 241894530
28.01.2013  15:37:49   þ LBA Warning: 241894785
28.01.2013  15:37:51   þ LBA warning: 241895550
28.01.2013  15:37:54   þ LBA warning: 241896570
28.01.2013  15:37:56   þ LBA warning: 241897590
28.01.2013  15:38:00   þ LBA warning: 242003160
28.01.2013  15:38:01   þ LBA Warning: 242004945
28.01.2013  15:38:03   þ LBA warning: 242006730
28.01.2013  15:38:03   þ LBA Warning: 242008770
28.01.2013  15:38:04   þ LBA warning: 242011575
28.01.2013  15:38:05   þ LBA warning: 242012340
28.01.2013  15:38:06   þ LBA warning: 242013360
28.01.2013  15:38:06   þ LBA Warning: 242013615
28.01.2013  15:38:07   þ LBA warning: 242014380
28.01.2013  15:38:07   þ LBA Warning: 242015400
28.01.2013  15:38:07   þ LBA Warning: 242018205
28.01.2013  15:38:08   þ LBA warning: 242018970
28.01.2013  15:38:09   þ LBA warning: 242022030
28.01.2013  15:38:09   þ LBA Warning: 242022795
28.01.2013  15:38:10   þ LBA Warning: 242023050
28.01.2013  15:38:11   þ LBA warning: 242023815
28.01.2013  15:38:11   þ LBA Warning: 242024070
28.01.2013  15:38:11   þ LBA Warning: 242025600
28.01.2013  15:38:12   þ LBA warning: 242030445
28.01.2013  15:38:13   þ LBA Warning: 242032230
28.01.2013  15:38:13   þ LBA Warning: 242034015
28.01.2013  15:38:14   þ LBA Warning: 242034270
28.01.2013  15:38:15   þ LBA warning: 242035035
28.01.2013  15:38:16   þ LBA Warning: 242036055
28.01.2013  15:38:16   þ LBA Warning: 242037840
28.01.2013  15:38:17   þ LBA Warning: 242041665
28.01.2013  15:38:17   þ LBA Warning: 242042430
28.01.2013  15:38:18   þ LBA warning: 242042685
28.01.2013  15:38:19   þ LBA warning: 242043450
28.01.2013  15:38:20   þ LBA Warning: 242043705
28.01.2013  15:38:20   þ LBA Warning: 242044470
28.01.2013  15:38:20   þ LBA Warning: 242048295
28.01.2013  15:38:20   þ LBA Warning: 242050080
28.01.2013  15:38:21   þ LBA Warning: 242050845
28.01.2013  15:38:23   þ LBA warning: 242051100
28.01.2013  15:38:27   þ LBA warning: 242055690
28.01.2013  15:38:28   þ LBA Warning: 242056710
28.01.2013  15:38:28   þ LBA Warning: 242057475
28.01.2013  15:38:32   þ LBA Error: 242057754
28.01.2013  15:38:33   þ LBA Warning: 242059515
28.01.2013  15:38:33   þ LBA warning: 242060535
28.01.2013  15:38:34   þ LBA Warning: 242061300
28.01.2013  15:38:34   þ LBA Warning: 242061555
28.01.2013  15:38:34   þ LBA Warning: 242062320
28.01.2013  15:38:35   þ LBA warning: 242063085
28.01.2013  15:38:36   þ LBA warning: 242063340
28.01.2013  15:38:37   þ LBA Warning: 242065125
28.01.2013  15:38:37   þ LBA Warning: 242067930
28.01.2013  15:38:39   þ LBA warning: 242068950
28.01.2013  15:38:39   þ LBA Warning: 242069715
28.01.2013  15:38:40   þ LBA Warning: 242069970
28.01.2013  15:38:40   þ LBA Warning: 242070735
28.01.2013  15:38:41   þ LBA warning: 242074560
28.01.2013  15:38:42   þ LBA warning: 242075580
28.01.2013  15:38:46   þ LBA Error: 242077488
28.01.2013  15:38:48   þ LBA warning: 242079405
28.01.2013  15:38:48   þ LBA Warning: 242080170
28.01.2013  15:38:49   þ LBA warning: 242081190
28.01.2013  15:38:50   þ LBA warning: 242082975
28.01.2013  15:38:50   þ LBA warning: 242083995
28.01.2013  15:38:54   þ LBA warning: 242085015
28.01.2013  15:38:54   þ LBA Warning: 242086800
28.01.2013  15:38:54   þ LBA Warning: 242087820
28.01.2013  15:38:54   þ LBA Warning: 242089605
28.01.2013  15:38:55   þ LBA Warning: 242092410
28.01.2013  15:38:55   þ LBA Warning: 242092665
28.01.2013  15:38:56   þ LBA Warning: 242095215
28.01.2013  15:38:56   þ LBA Warning: 242096235
28.01.2013  15:38:56   þ LBA Warning: 242097255
28.01.2013  15:38:58   þ LBA warning: 242098020
28.01.2013  15:38:58   þ LBA Warning: 242099040
28.01.2013  15:39:00   þ LBA warning: 242100060
28.01.2013  15:39:01   þ LBA Warning: 242101845
28.01.2013  15:39:03   þ LBA Warning: 242212005
28.01.2013  15:39:06   þ LBA warning: 242212260
28.01.2013  15:39:06   þ LBA Warning: 242213025
28.01.2013  15:39:07   þ LBA warning: 242214045
28.01.2013  15:39:11   þ LBA warning: 242214810
28.01.2013  15:39:12   þ LBA warning: 242216850
28.01.2013  15:39:12   þ LBA Warning: 242217870
28.01.2013  15:39:13   þ LBA Warning: 242219655
28.01.2013  15:39:13   þ LBA Warning: 242221440
28.01.2013  15:39:14   þ LBA warning: 242226285
28.01.2013  15:39:15   þ LBA Warning: 242227305
28.01.2013  15:39:17   þ LBA warning: 242231895
28.01.2013  15:39:17   þ LBA Warning: 242232150
28.01.2013  15:39:18   þ LBA Warning: 242233680
28.01.2013  15:39:18   þ LBA Warning: 242233935
28.01.2013  15:39:18   þ LBA Warning: 242235720
28.01.2013  15:39:20   þ LBA warning: 242236740
28.01.2013  15:39:21   þ LBA warning: 242238525
28.01.2013  15:39:21   þ LBA Warning: 242239545
28.01.2013  15:39:22   þ LBA warning: 242242350
28.01.2013  15:39:23   þ LBA Warning: 242243370
28.01.2013  15:39:23   þ LBA Warning: 242244135
28.01.2013  15:39:23   þ LBA Warning: 242244390
28.01.2013  15:39:24   þ LBA warning: 242245155
28.01.2013  15:39:25   þ LBA warning: 242245920
28.01.2013  15:39:26   þ LBA warning: 242246175
28.01.2013  15:39:27   þ LBA warning: 242246940
28.01.2013  15:39:28   þ LBA Warning: 242247195
28.01.2013  15:39:28   þ LBA Warning: 242248980
28.01.2013  15:39:29   þ LBA Warning: 242249745
28.01.2013  15:39:29   þ LBA Warning: 242250000
28.01.2013  15:39:29   þ LBA Warning: 242251785
28.01.2013  15:39:30   þ LBA Warning: 242252550
28.01.2013  15:39:30   þ LBA Warning: 242253570
28.01.2013  15:39:30   þ LBA Warning: 242254590
28.01.2013  15:39:31   þ LBA warning: 242256375
28.01.2013  15:39:31   þ LBA Warning: 242257395
28.01.2013  15:39:31   þ LBA Warning: 242258160
28.01.2013  15:39:33   þ LBA warning: 242258415
28.01.2013  15:39:34   þ LBA warning: 242259180
28.01.2013  15:39:34   þ LBA Warning: 242260200
28.01.2013  15:39:35   þ LBA Warning: 242261220
28.01.2013  15:39:35   þ LBA Warning: 242261985
28.01.2013  15:39:35   þ LBA warning: 242263005
28.01.2013  15:39:36   þ LBA Warning: 242264025
28.01.2013  15:39:37   þ LBA warning: 242265810
28.01.2013  15:39:37   þ LBA warning: 242266830
28.01.2013  15:39:38   þ LBA warning: 242268870
28.01.2013  15:39:40   þ LBA warning: 242269635
28.01.2013  15:39:41   þ LBA Warning: 242270655
28.01.2013  15:39:43   þ LBA warning: 242271420
28.01.2013  15:39:44   þ LBA warning: 242272440
28.01.2013  15:39:44   þ LBA Warning: 242273460
28.01.2013  15:39:46   þ LBA warning: 242275245
28.01.2013  15:39:49   þ LBA warning: 242276010
28.01.2013  15:39:49   þ LBA Warning: 242276265
28.01.2013  15:39:50   þ LBA warning: 242278050
28.01.2013  15:39:50   þ LBA Warning: 242279070
28.01.2013  15:39:51   þ LBA Warning: 242279835
28.01.2013  15:39:51   þ LBA Warning: 242280090
28.01.2013  15:39:53   þ LBA warning: 242281620
28.01.2013  15:39:53   þ LBA warning: 242281875
28.01.2013  15:39:54   þ LBA warning: 242282895
28.01.2013  15:39:54   þ LBA Warning: 242283660
28.01.2013  15:39:56   þ LBA warning: 242284680
28.01.2013  15:39:56   þ LBA Warning: 242285445
28.01.2013  15:39:56   þ LBA Warning: 242286465
28.01.2013  15:39:57   þ LBA Warning: 242286720
28.01.2013  15:39:57   þ LBA Warning: 242287485
28.01.2013  15:39:57   þ LBA warning: 242287740
28.01.2013  15:39:58   þ LBA warning: 242288505
28.01.2013  15:39:59   þ LBA warning: 242289270
28.01.2013  15:39:59   þ LBA Warning: 242290290
28.01.2013  15:40:00   þ LBA Warning: 242291310
28.01.2013  15:40:00   þ LBA warning: 242293095
28.01.2013  15:40:01   þ LBA warning: 242293350
28.01.2013  15:40:02   þ LBA Warning: 242294115
28.01.2013  15:40:04   þ LBA warning: 242295900
28.01.2013  15:40:05   þ LBA Warning: 242296920
28.01.2013  15:40:05   þ LBA warning: 242297685
28.01.2013  15:40:06   þ LBA warning: 242298705
28.01.2013  15:40:07   þ LBA Warning: 242299725
28.01.2013  15:40:08   þ LBA warning: 242299980
28.01.2013  15:40:09   þ LBA Warning: 242300745
28.01.2013  15:40:09   þ LBA Warning: 242301000
28.01.2013  15:40:09   þ LBA Warning: 242301510
28.01.2013  15:40:09   þ LBA Warning: 242304315
28.01.2013  15:40:10   þ LBA Warning: 242309160
28.01.2013  15:40:12   þ LBA warning: 242312985
28.01.2013  15:40:17   þ LBA Error: 242314854
28.01.2013  15:40:17   þ LBA Warning: 242315535
28.01.2013  15:40:19   þ LBA warning: 242315790
28.01.2013  15:40:20   þ LBA Warning: 242421105
28.01.2013  15:40:22   þ LBA warning: 242421360
28.01.2013  15:40:22   þ LBA Warning: 242428755
28.01.2013  15:40:23   þ LBA Warning: 242429775
28.01.2013  15:40:24   þ LBA warning: 242430795
28.01.2013  15:40:24   þ LBA Warning: 242432580
28.01.2013  15:40:25   þ LBA Warning: 242435385
28.01.2013  15:40:28   þ LBA warning: 242442015
28.01.2013  15:40:29   þ LBA Warning: 242444055
28.01.2013  15:40:29   þ LBA Warning: 242447625
28.01.2013  15:40:30   þ LBA Warning: 242450685
28.01.2013  15:40:34   þ LBA Error: 242451588
28.01.2013  15:40:35   þ LBA warning: 242454000
28.01.2013  15:40:37   þ LBA warning: 242454255
28.01.2013  15:40:38   þ LBA Warning: 242465475
28.01.2013  15:40:39   þ LBA warning: 242466495
28.01.2013  15:40:40   þ LBA warning: 242467260
28.01.2013  15:40:41   þ LBA warning: 242467515
28.01.2013  15:40:41   þ LBA Warning: 242473890
28.01.2013  15:40:42   þ LBA Warning: 242475930
28.01.2013  15:40:43   þ LBA warning: 242476185
28.01.2013  15:40:43   þ LBA Warning: 242478735
28.01.2013  15:40:44   þ LBA Warning: 242478990
28.01.2013  15:40:44   þ LBA Warning: 242479500
28.01.2013  15:40:44   þ LBA Warning: 242480520
28.01.2013  15:40:44   þ LBA Warning: 242480775
28.01.2013  15:40:45   þ LBA warning: 242482560
28.01.2013  15:40:47   þ LBA warning: 242483580
28.01.2013  15:40:47   þ LBA Warning: 242484345
28.01.2013  15:40:50   þ LBA warning: 242491740
28.01.2013  15:40:51   þ LBA Warning: 242491995
28.01.2013  15:40:51   þ LBA warning: 242492760
28.01.2013  15:40:52   þ LBA warning: 242494800
28.01.2013  15:40:54   þ LBA warning: 242496585
28.01.2013  15:40:54   þ LBA Warning: 242498370
28.01.2013  15:40:55   þ LBA Warning: 242501430
28.01.2013  15:40:59   þ LBA warning: 242503215
28.01.2013  15:40:59   þ LBA Warning: 242505000
28.01.2013  15:40:59   þ LBA Warning: 242506020
28.01.2013  15:41:00   þ LBA Warning: 242506785
28.01.2013  15:41:01   þ LBA warning: 242511630
28.01.2013  15:41:01   þ LBA Warning: 242512650
28.01.2013  15:41:02   þ LBA Warning: 242513415
28.01.2013  15:41:03   þ LBA warning: 242513670
28.01.2013  15:41:06   þ LBA warning: 242518260
28.01.2013  15:41:08   þ LBA warning: 242521065
28.01.2013  15:41:08   þ LBA Warning: 242523870
28.01.2013  15:41:10   þ LBA Warning: 242630460
28.01.2013  15:41:10   þ LBA Warning: 242630715
28.01.2013  15:41:11   þ LBA warning: 242632245
28.01.2013  15:41:12   þ LBA warning: 242632500
28.01.2013  15:41:13   þ LBA warning: 242633520
28.01.2013  15:41:13   þ LBA Warning: 242634285
28.01.2013  15:41:13   þ LBA Warning: 242636070
28.01.2013  15:41:14   þ LBA Warning: 242636325
28.01.2013  15:41:15   þ LBA warning: 242636835
28.01.2013  15:41:16   þ LBA warning: 242637090
28.01.2013  15:41:17   þ LBA warning: 242643465
28.01.2013  15:41:18   þ LBA warning: 242644485
28.01.2013  15:41:19   þ LBA Warning: 242647290
28.01.2013  15:41:19   þ LBA Warning: 242647545
28.01.2013  15:41:20   þ LBA Warning: 242650095
28.01.2013  15:41:20   þ LBA Warning: 242650350
28.01.2013  15:41:20   þ LBA Warning: 242652135
28.01.2013  15:41:20   þ LBA Warning: 242652390
28.01.2013  15:41:21   þ LBA Warning: 242653920
28.01.2013  15:41:22   þ LBA warning: 242658765
28.01.2013  15:41:22   þ LBA Warning: 242660550
28.01.2013  15:41:22   þ LBA Warning: 242661570
28.01.2013  15:41:22   þ LBA Warning: 242662335
28.01.2013  15:41:23   þ LBA Warning: 242663355
28.01.2013  15:41:23   þ LBA Warning: 242664375
28.01.2013  15:41:24   þ LBA Warning: 242672025
28.01.2013  15:41:25   þ LBA Warning: 242674575
28.01.2013  15:41:25   þ LBA Warning: 242675595
28.01.2013  15:41:25   þ LBA Warning: 242680440
28.01.2013  15:41:26   þ LBA Warning: 242685030
28.01.2013  15:41:27   þ LBA Warning: 242686815
28.01.2013  15:41:27   þ LBA Warning: 242688855
28.01.2013  15:41:27   þ LBA Warning: 242689875
28.01.2013  15:41:28   þ LBA Warning: 242692680
28.01.2013  15:41:29   þ LBA warning: 242693445
28.01.2013  15:41:30   þ LBA Warning: 242693700
28.01.2013  15:41:30   þ LBA warning: 242694465
28.01.2013  15:41:30   þ LBA Warning: 242695485
28.01.2013  15:41:31   þ LBA warning: 242696505
28.01.2013  15:41:32   þ LBA Warning: 242699055
28.01.2013  15:41:33   þ LBA warning: 242702880
28.01.2013  15:41:34   þ LBA warning: 242704920
28.01.2013  15:41:34   þ LBA Warning: 242706450
28.01.2013  15:41:36   þ LBA warning: 242706705
28.01.2013  15:41:36   þ LBA Warning: 242708490
28.01.2013  15:41:37   þ LBA warning: 242710530
28.01.2013  15:41:43   þ LBA Error: 242711494
28.01.2013  15:41:43   þ LBA warning: 242711550
28.01.2013  15:41:44   þ LBA Warning: 242712315
28.01.2013  15:41:44   þ LBA Warning: 242714100
28.01.2013  15:41:44   þ LBA Warning: 242715120
28.01.2013  15:41:46   þ LBA warning: 242716140
28.01.2013  15:41:46   þ LBA Warning: 242716395
28.01.2013  15:41:47   þ LBA warning: 242717160
28.01.2013  15:41:48   þ LBA Warning: 242717415
28.01.2013  15:41:48   þ LBA Warning: 242718945
28.01.2013  15:41:48   þ LBA Warning: 242719710
28.01.2013  15:41:50   þ LBA warning: 242719965
28.01.2013  15:41:51   þ LBA warning: 242721750
28.01.2013  15:41:51   þ LBA Warning: 242722770
28.01.2013  15:41:51   þ LBA Warning: 242723025
28.01.2013  15:41:51   þ LBA Warning: 242724555
28.01.2013  15:41:54   þ LBA warning: 242730165
28.01.2013  15:41:55   þ LBA warning: 242731185
28.01.2013  15:41:56   þ LBA warning: 242731950
28.01.2013  15:41:57   þ LBA Warning: 242732205
28.01.2013  15:41:57   þ LBA Warning: 242732970
28.01.2013  15:41:57   þ LBA warning: 242733225
28.01.2013  15:41:59   þ LBA Warning: 242839560
28.01.2013  15:41:59   þ LBA Warning: 242840580
28.01.2013  15:42:00   þ LBA Warning: 242842365
28.01.2013  15:42:00   þ LBA Warning: 242842620
28.01.2013  15:42:00   þ LBA Warning: 242843130
28.01.2013  15:42:05   þ LBA Error: 242845211
28.01.2013  15:42:06   þ LBA Warning: 242851800
28.01.2013  15:42:06   þ LBA Warning: 242857410
28.01.2013  15:42:06   þ LBA Warning: 242858430
28.01.2013  15:42:07   þ LBA Warning: 242865060
28.01.2013  15:42:08   þ LBA warning: 242866080
28.01.2013  15:42:08   þ LBA Warning: 242868885
28.01.2013  15:42:09   þ LBA Warning: 242870670
28.01.2013  15:42:09   þ LBA Warning: 242873475
28.01.2013  15:42:11   þ LBA warning: 242874495
28.01.2013  15:42:12   þ LBA Warning: 242882910
28.01.2013  15:42:14   þ LBA warning: 242886735
28.01.2013  15:42:14   þ LBA Warning: 242886990
28.01.2013  15:42:15   þ LBA warning: 242895150
28.01.2013  15:42:15   þ LBA Warning: 242895405
28.01.2013  15:42:19   þ LBA Warning: 242930850
28.01.2013  15:42:19   þ LBA Warning: 242931105
28.01.2013  15:42:19   þ LBA Warning: 242933655
28.01.2013  15:42:20   þ LBA warning: 242934420
28.01.2013  15:42:21   þ LBA warning: 242934675
28.01.2013  15:42:21   þ LBA Warning: 242937480
28.01.2013  15:42:23   þ LBA warning: 242940285
28.01.2013  15:42:24   þ LBA Warning: 242941305
28.01.2013  15:42:30   þ LBA Error: 243052627
28.01.2013  15:42:30   þ LBA Warning: 243053250
28.01.2013  15:42:31   þ LBA Warning: 243053505
28.01.2013  15:42:31   þ LBA warning: 243057075
28.01.2013  15:42:33   þ LBA warning: 243057330
28.01.2013  15:42:34   þ LBA warning: 243059115
28.01.2013  15:42:34   þ LBA Warning: 243059880
28.01.2013  15:42:35   þ LBA Warning: 243060135
28.01.2013  15:42:35   þ LBA Warning: 243060900
28.01.2013  15:42:35   þ LBA Warning: 243063705
28.01.2013  15:42:36   þ LBA Warning: 243064725
28.01.2013  15:42:36   þ LBA Warning: 243066510
28.01.2013  15:42:36   þ LBA Warning: 243067530
28.01.2013  15:42:37   þ LBA Warning: 243068550
28.01.2013  15:42:37   þ LBA Warning: 243069570
28.01.2013  15:42:37   þ LBA Warning: 243070335
28.01.2013  15:42:38   þ LBA warning: 243071355
28.01.2013  15:42:40   þ LBA warning: 243079770
28.01.2013  15:42:41   þ LBA Warning: 243085380
28.01.2013  15:42:42   þ LBA warning: 243086400
28.01.2013  15:42:42   þ LBA Warning: 243088185
28.01.2013  15:42:43   þ LBA Warning: 243088440
28.01.2013  15:42:43   þ LBA Warning: 243092010
28.01.2013  15:42:44   þ LBA Warning: 243093795
28.01.2013  15:42:46   þ LBA warning: 243094050
28.01.2013  15:42:46   þ LBA Warning: 243094815
28.01.2013  15:42:46   þ LBA Warning: 243095835
28.01.2013  15:42:47   þ LBA Warning: 243096600
28.01.2013  15:42:47   þ LBA Warning: 243096855
28.01.2013  15:42:48   þ LBA Warning: 243100680
28.01.2013  15:42:50   þ LBA warning: 243104250
28.01.2013  15:42:52   þ LBA warning: 243108840
28.01.2013  15:42:53   þ LBA Warning: 243109095
28.01.2013  15:42:53   þ LBA Warning: 243109860
28.01.2013  15:42:54   þ LBA warning: 243110625
28.01.2013  15:42:55   þ LBA warning: 243110880
28.01.2013  15:42:56   þ LBA Warning: 243112920
28.01.2013  15:42:56   þ LBA Warning: 243114705
28.01.2013  15:42:57   þ LBA Warning: 243116490
28.01.2013  15:42:57   þ LBA Warning: 243117510
28.01.2013  15:42:57   þ LBA Warning: 243118275
28.01.2013  15:42:58   þ LBA Warning: 243119295
28.01.2013  15:42:58   þ LBA Warning: 243119550
28.01.2013  15:42:59   þ LBA Warning: 243123120
28.01.2013  15:42:59   þ LBA Warning: 243123885
28.01.2013  15:43:03   þ LBA warning: 243124140
28.01.2013  15:43:03   þ LBA Warning: 243125925
28.01.2013  15:43:04   þ LBA warning: 243126945
28.01.2013  15:43:05   þ LBA Warning: 243129495
28.01.2013  15:43:05   þ LBA Warning: 243129750
28.01.2013  15:43:06   þ LBA Warning: 243131535
28.01.2013  15:43:07   þ LBA warning: 243134340
28.01.2013  15:43:07   þ LBA Warning: 243135360
28.01.2013  15:43:07   þ LBA Warning: 243136125
28.01.2013  15:43:09   þ LBA warning: 243136380
28.01.2013  15:43:13   þ LBA Error: 243137285
28.01.2013  15:43:13   þ LBA Warning: 243137400
28.01.2013  15:43:16   þ LBA warning: 243139950
28.01.2013  15:43:18   þ LBA warning: 243141735
28.01.2013  15:43:18   þ LBA Warning: 243142755
28.01.2013  15:43:19   þ LBA warning: 243144795
28.01.2013  15:43:21   þ LBA warning: 243145815
28.01.2013  15:43:21   þ LBA Warning: 243148365
28.01.2013  15:43:22   þ LBA Warning: 243148620
28.01.2013  15:43:24   þ LBA warning: 243149385
28.01.2013  15:43:24   þ LBA Warning: 243149640
28.01.2013  15:43:24   þ LBA Warning: 243150405
28.01.2013  15:43:26   þ LBA warning: 243151425
28.01.2013  15:43:26   þ LBA Warning: 243152190
28.01.2013  15:43:29   þ LBA warning: 243258780
28.01.2013  15:43:30   þ LBA warning: 243259035
28.01.2013  15:43:30   þ LBA warning: 243259800
28.01.2013  15:43:31   þ LBA Warning: 243262605
28.01.2013  15:43:32   þ LBA warning: 243263625
28.01.2013  15:43:32   þ LBA Warning: 243264390
28.01.2013  15:43:32   þ LBA Warning: 243264645
28.01.2013  15:43:36   þ LBA warning: 243265410
28.01.2013  15:43:37   þ LBA Warning: 243266430
28.01.2013  15:43:37   þ LBA Warning: 243267195
28.01.2013  15:43:37   þ LBA Warning: 243268215
28.01.2013  15:43:38   þ LBA warning: 243269235
28.01.2013  15:43:39   þ LBA Warning: 243270000
28.01.2013  15:43:39   þ LBA Warning: 243270255
28.01.2013  15:43:39   þ LBA Warning: 243271020
28.01.2013  15:43:39   þ LBA Warning: 243271275
28.01.2013  15:43:40   þ LBA Warning: 243272040
28.01.2013  15:43:40   þ LBA Warning: 243274845
28.01.2013  15:43:41   þ LBA warning: 243275865
28.01.2013  15:43:41   þ LBA Warning: 243276885
28.01.2013  15:43:42   þ LBA warning: 243278670
28.01.2013  15:43:43   þ LBA Warning: 243278925
28.01.2013  15:43:44   þ LBA Warning: 243282495
28.01.2013  15:43:44   þ LBA Warning: 243286830
28.01.2013  15:43:45   þ LBA Warning: 243287085
28.01.2013  15:43:45   þ LBA Warning: 243289890
28.01.2013  15:43:45   þ LBA Warning: 243290145
28.01.2013  15:43:52   þ LBA warning: 243336810
28.01.2013  15:43:53   þ LBA warning: 243337065
28.01.2013  15:43:54   þ LBA Warning: 243340635
28.01.2013  15:43:54   þ LBA Warning: 243340890
28.01.2013  15:43:55   þ LBA Warning: 243343440
28.01.2013  15:43:56   þ LBA Warning: 243349050
28.01.2013  15:43:57   þ LBA warning: 243349305
28.01.2013  15:43:59   þ LBA warning: 243350070
28.01.2013  15:43:59   þ LBA Warning: 243350325
28.01.2013  15:44:00   þ LBA Warning: 243358485
28.01.2013  15:44:01   þ LBA warning: 243358740
28.01.2013  15:44:04   þ LBA warning: 243361290
28.01.2013  15:44:07   þ LBA warning: 243472725
28.01.2013  15:44:08   þ LBA Warning: 243474510
28.01.2013  15:44:08   þ LBA Warning: 243478335
28.01.2013  15:44:10   þ LBA warning: 243481140
28.01.2013  15:44:11   þ LBA Warning: 243481905
28.01.2013  15:44:11   þ LBA Warning: 243482160
28.01.2013  15:44:12   þ LBA warning: 243482925
28.01.2013  15:44:13   þ LBA warning: 243483945
28.01.2013  15:44:15   þ LBA warning: 243484965
28.01.2013  15:44:19   þ LBA Error: 243485955
28.01.2013  15:44:21   þ LBA warning: 243488535
28.01.2013  15:44:22   þ LBA warning: 243488790
28.01.2013  15:44:22   þ LBA Warning: 243490575
28.01.2013  15:44:22   þ LBA Warning: 243491595
28.01.2013  15:44:23   þ LBA Warning: 243495165
28.01.2013  15:44:25   þ LBA warning: 243497205
28.01.2013  15:44:27   þ LBA warning: 243497970
28.01.2013  15:44:30   þ LBA warning: 243498225
28.01.2013  15:44:30   þ LBA Warning: 243501795
28.01.2013  15:44:31   þ LBA Warning: 243504600
28.01.2013  15:44:31   þ LBA Warning: 243505620
28.01.2013  15:44:32   þ LBA Warning: 243513015
28.01.2013  15:44:32   þ LBA Warning: 243516840
28.01.2013  15:44:33   þ LBA Warning: 243517095
28.01.2013  15:44:33   þ LBA warning: 243518625
28.01.2013  15:44:34   þ LBA warning: 243518880
28.01.2013  15:44:35   þ LBA warning: 243519645
28.01.2013  15:44:38   þ LBA warning: 243523215
28.01.2013  15:44:38   þ LBA warning: 243523470
28.01.2013  15:44:39   þ LBA Warning: 243524490
28.01.2013  15:44:39   þ LBA Warning: 243524745
28.01.2013  15:44:40   þ LBA warning: 243525255
28.01.2013  15:44:40   þ LBA Warning: 243526275
28.01.2013  15:44:41   þ LBA Warning: 243530865
28.01.2013  15:44:42   þ LBA warning: 243531120
28.01.2013  15:44:43   þ LBA Warning: 243532905
28.01.2013  15:44:43   þ LBA Warning: 243534690
28.01.2013  15:44:43   þ LBA warning: 243535710
28.01.2013  15:44:45   þ LBA warning: 243536730
28.01.2013  15:44:46   þ LBA Warning: 243539790
28.01.2013  15:44:46   þ LBA Warning: 243540300
28.01.2013  15:44:47   þ LBA Warning: 243542340
28.01.2013  15:44:47   þ LBA Warning: 243542595
28.01.2013  15:44:48   þ LBA warning: 243543360
28.01.2013  15:44:48   þ LBA Warning: 243545910
28.01.2013  15:44:48   þ LBA Warning: 243546165
28.01.2013  15:44:49   þ LBA Warning: 243546930
28.01.2013  15:44:49   þ LBA warning: 243547950
28.01.2013  15:44:50   þ LBA Warning: 243549735
28.01.2013  15:44:50   þ LBA Warning: 243551520
28.01.2013  15:44:51   þ LBA warning: 243551775
28.01.2013  15:44:53   þ LBA warning: 243552540
28.01.2013  15:44:56   þ LBA warning: 243559170
28.01.2013  15:44:56   þ LBA warning: 243561210
28.01.2013  15:44:57   þ LBA Warning: 243562230
28.01.2013  15:44:58   þ LBA warning: 243571410
28.01.2013  15:45:00   þ LBA Warning: 243676980
28.01.2013  15:45:00   þ LBA Warning: 243677490
28.01.2013  15:45:01   þ LBA Warning: 243683355
28.01.2013  15:45:01   þ LBA Warning: 243688455
28.01.2013  15:45:02   þ LBA Warning: 243690240
28.01.2013  15:45:02   þ LBA Warning: 243690495
28.01.2013  15:45:02   þ LBA Warning: 243691260
28.01.2013  15:45:03   þ LBA warning: 243692280
28.01.2013  15:45:04   þ LBA Warning: 243695850
28.01.2013  15:45:05   þ LBA warning: 243699675
28.01.2013  15:45:07   þ LBA warning: 243702480
28.01.2013  15:45:07   þ LBA Warning: 243702735
28.01.2013  15:45:08   þ LBA Warning: 243708090
28.01.2013  15:45:09   þ LBA warning: 243708345
28.01.2013  15:45:14   þ LBA Error: 243713923
28.01.2013  15:45:15   þ LBA warning: 243714720
28.01.2013  15:45:15   þ LBA Warning: 243716505
28.01.2013  15:45:15   þ LBA Warning: 243717525
28.01.2013  15:45:19   þ LBA Error: 243718541
28.01.2013  15:45:20   þ LBA Warning: 243724155
28.01.2013  15:45:20   þ LBA Warning: 243725940
28.01.2013  15:45:21   þ LBA Warning: 243735375
28.01.2013  15:45:23   þ LBA warning: 243736395
28.01.2013  15:45:23   þ LBA Warning: 243737415
28.01.2013  15:45:25   þ LBA warning: 243738180
28.01.2013  15:45:25   þ LBA Warning: 243740985
28.01.2013  15:45:28   þ LBA warning: 243745830
28.01.2013  15:45:31   þ LBA warning: 243748635
28.01.2013  15:45:32   þ LBA Warning: 243759855
28.01.2013  15:45:34   þ LBA warning: 243778470
28.01.2013  15:45:36   þ LBA Warning: 243886080
28.01.2013  15:45:36   þ LBA Warning: 243886335
28.01.2013  15:45:38   þ LBA warning: 243887100
28.01.2013  15:45:42   þ LBA Error: 243889092
28.01.2013  15:45:44   þ LBA warning: 243891945
28.01.2013  15:45:45   þ LBA Warning: 243894750
28.01.2013  15:45:45   þ LBA Warning: 243895005
28.01.2013  15:45:47   þ LBA warning: 243896535
28.01.2013  15:45:48   þ LBA warning: 243904185
28.01.2013  15:45:50   þ LBA warning: 243909795
28.01.2013  15:45:51   þ LBA Warning: 243911580
28.01.2013  15:45:51   þ LBA warning: 243915405
28.01.2013  15:45:52   þ LBA Warning: 243917190
28.01.2013  15:45:52   þ LBA Warning: 243919230
28.01.2013  15:45:53   þ LBA Warning: 243921015
28.01.2013  15:45:53   þ LBA Warning: 243921270
28.01.2013  15:45:55   þ LBA warning: 243923820
28.01.2013  15:45:56   þ LBA Warning: 243928665
28.01.2013  15:45:57   þ LBA warning: 243932490
28.01.2013  15:45:57   þ LBA Warning: 243933255
28.01.2013  15:45:58   þ LBA Warning: 243933510
28.01.2013  15:46:02   þ LBA Error: 243938160
28.01.2013  15:46:05   þ LBA warning: 243940905
28.01.2013  15:46:05   þ LBA Warning: 243941670
28.01.2013  15:46:05   þ LBA Warning: 243941925
28.01.2013  15:46:07   þ LBA Warning: 243948300
28.01.2013  15:46:13   þ LBA Error: 243953274
28.01.2013  15:46:13   þ LBA Warning: 243954930
28.01.2013  15:46:16   þ LBA warning: 243964365
28.01.2013  15:46:16   þ LBA Warning: 243965385
28.01.2013  15:46:17   þ LBA Warning: 243966405
28.01.2013  15:46:18   þ LBA Warning: 243973800
28.01.2013  15:46:18   þ LBA Warning: 243974565
28.01.2013  15:46:18   þ LBA Warning: 243974820
28.01.2013  15:46:19   þ LBA Warning: 243978390
28.01.2013  15:46:19   þ LBA Warning: 243980175
28.01.2013  15:46:20   þ LBA Warning: 243980430
28.01.2013  15:46:20   þ LBA Warning: 243981195
28.01.2013  15:46:20   þ LBA Warning: 243983235
28.01.2013  15:46:24   þ LBA Error: 243984295
28.01.2013  15:46:25   þ LBA Warning: 243987825
28.01.2013  15:46:27   þ LBA Warning: 244095435
28.01.2013  15:46:28   þ LBA warning: 244096455
28.01.2013  15:46:28   þ LBA Warning: 244097220
28.01.2013  15:46:29   þ LBA Warning: 244098240
28.01.2013  15:46:29   þ LBA Warning: 244099005
28.01.2013  15:46:29   þ LBA Warning: 244100025
28.01.2013  15:46:30   þ LBA Warning: 244103850
28.01.2013  15:46:31   þ LBA Warning: 244110480
28.01.2013  15:46:32   þ LBA Warning: 244116090
28.01.2013  15:46:32   þ LBA Warning: 244121700
28.01.2013  15:46:33   þ LBA Warning: 244122720
28.01.2013  15:46:33   þ LBA Warning: 244123485
28.01.2013  15:46:33   þ LBA Warning: 244123740
28.01.2013  15:46:36   þ LBA warning: 244125270
28.01.2013  15:46:36   þ LBA Warning: 244125525
28.01.2013  15:46:37   þ LBA warning: 244126290
28.01.2013  15:46:38   þ LBA warning: 244126545
28.01.2013  15:46:39   þ LBA warning: 244127310
28.01.2013  15:46:40   þ LBA Warning: 244127565
28.01.2013  15:46:40   þ LBA Warning: 244130115
28.01.2013  15:46:41   þ LBA warning: 244131135
28.01.2013  15:46:41   þ LBA Warning: 244131900
28.01.2013  15:46:42   þ LBA Warning: 244132920
28.01.2013  15:46:42   þ LBA warning: 244133940
28.01.2013  15:46:42   þ LBA Warning: 244134960
28.01.2013  15:46:45   þ LBA warning: 244137765
28.01.2013  15:46:46   þ LBA warning: 244138530
28.01.2013  15:46:47   þ LBA warning: 244138785
28.01.2013  15:46:48   þ LBA warning: 244141590
28.01.2013  15:46:49   þ LBA Warning: 244142610
28.01.2013  15:46:49   þ LBA Warning: 244143375
28.01.2013  15:46:49   þ LBA Warning: 244144140
28.01.2013  15:46:50   þ LBA warning: 244144395
28.01.2013  15:46:50   þ LBA Warning: 244145160
28.01.2013  15:46:50   þ LBA Warning: 244145415
28.01.2013  15:46:51   þ LBA Warning: 244146180
28.01.2013  15:46:51   þ LBA Warning: 244147965
28.01.2013  15:46:53   þ LBA warning: 244150770
28.01.2013  15:46:54   þ LBA warning: 244151790
28.01.2013  15:46:54   þ LBA warning: 244152555
28.01.2013  15:46:55   þ LBA warning: 244152810
28.01.2013  15:46:56   þ LBA warning: 244156380
28.01.2013  15:46:57   þ LBA warning: 244156635
28.01.2013  15:46:58   þ LBA Warning: 244157400
28.01.2013  15:47:02   þ LBA Error: 244158538
28.01.2013  15:47:02   þ LBA warning: 244159185
28.01.2013  15:47:03   þ LBA warning: 244159440
28.01.2013  15:47:03   þ LBA Warning: 244161225
28.01.2013  15:47:04   þ LBA Warning: 244163010
28.01.2013  15:47:05   þ LBA warning: 244165050
28.01.2013  15:47:06   þ LBA warning: 244165815
28.01.2013  15:47:08   þ LBA warning: 244166070
28.01.2013  15:47:08   þ LBA Warning: 244166835
28.01.2013  15:47:09   þ LBA Warning: 244167090
28.01.2013  15:47:10   þ LBA warning: 244168620
28.01.2013  15:47:11   þ LBA warning: 244168875
28.01.2013  15:47:11   þ LBA Warning: 244169640
28.01.2013  15:47:11   þ LBA Warning: 244169895
28.01.2013  15:47:15   þ LBA Error: 244170689
28.01.2013  15:47:16   þ LBA Warning: 244176015
28.01.2013  15:47:17   þ LBA warning: 244176270
28.01.2013  15:47:18   þ LBA warning: 244179075
28.01.2013  15:47:19   þ LBA warning: 244179330
28.01.2013  15:47:20   þ LBA Warning: 244182135
28.01.2013  15:47:20   þ LBA Warning: 244185705
28.01.2013  15:47:23   þ LBA warning: 244189275
28.01.2013  15:47:25   þ LBA warning: 244189530
28.01.2013  15:47:26   þ LBA warning: 244194120
28.01.2013  15:47:31   þ LBA Error: 244196241
28.01.2013  15:47:33   þ LBA warning: 244198965
28.01.2013  15:47:33   þ LBA Warning: 244199730
28.01.2013  15:47:34   þ LBA warning: 244199985
28.01.2013  15:47:36   þ LBA warning: 244305555
28.01.2013  15:47:36   þ LBA Warning: 244306320
28.01.2013  15:47:36   þ LBA Warning: 244307340
28.01.2013  15:47:37   þ LBA Warning: 244310145
28.01.2013  15:47:38   þ LBA warning: 244312950
28.01.2013  15:47:38   þ LBA Warning: 244314735
28.01.2013  15:47:39   þ LBA Warning: 244316775
28.01.2013  15:47:40   þ LBA Warning: 244319580
28.01.2013  15:47:40   þ LBA Warning: 244320600
28.01.2013  15:47:42   þ LBA warning: 244321365
28.01.2013  15:47:43   þ LBA Warning: 244324170
28.01.2013  15:47:45   þ LBA warning: 244325190
28.01.2013  15:47:45   þ LBA Warning: 244325955
28.01.2013  15:47:45   þ LBA Warning: 244326210
28.01.2013  15:47:46   þ LBA warning: 244326975
28.01.2013  15:47:47   þ LBA warning: 244327995
28.01.2013  15:47:47   þ LBA Warning: 244329015
28.01.2013  15:47:47   þ LBA Warning: 244331565
28.01.2013  15:47:49   þ LBA warning: 244331820
28.01.2013  15:47:49   þ LBA Warning: 244332075
28.01.2013  15:47:50   þ LBA warning: 244333605
28.01.2013  15:47:52   þ LBA warning: 244335645
28.01.2013  15:47:53   þ LBA Warning: 244342275
28.01.2013  15:47:53   þ LBA Warning: 244343040
28.01.2013  15:47:53   þ LBA Warning: 244343295
28.01.2013  15:47:58   þ LBA Error: 244344143
28.01.2013  15:47:58   þ LBA Warning: 244345845
28.01.2013  15:47:58   þ LBA Warning: 244346100
28.01.2013  15:48:02   þ LBA warning: 244346865
28.01.2013  15:48:04   þ LBA warning: 244352475
28.01.2013  15:48:05   þ LBA Warning: 244352730
28.01.2013  15:48:06   þ LBA warning: 244353495
28.01.2013  15:48:06   þ LBA Warning: 244354260
28.01.2013  15:48:07   þ LBA warning: 244354515
28.01.2013  15:48:08   þ LBA warning: 244355280
28.01.2013  15:48:09   þ LBA warning: 244356300
28.01.2013  15:48:14   þ LBA Error: 244362707
28.01.2013  15:48:14   þ LBA Warning: 244362930
28.01.2013  15:48:14   þ LBA Warning: 244363695
28.01.2013  15:48:19   þ LBA Error: 244364819
28.01.2013  15:48:19   þ LBA Warning: 244368540
28.01.2013  15:48:20   þ LBA Warning: 244374150
28.01.2013  15:48:22   þ LBA warning: 244377210
28.01.2013  15:48:22   þ LBA Warning: 244381800
28.01.2013  15:48:23   þ LBA warning: 244382565
28.01.2013  15:48:23   þ LBA Warning: 244383585
28.01.2013  15:48:25   þ LBA warning: 244384350
28.01.2013  15:48:26   þ LBA warning: 244386390
28.01.2013  15:48:26   þ LBA Warning: 244387410
28.01.2013  15:48:27   þ LBA warning: 244388175
28.01.2013  15:48:28   þ LBA warning: 244388430
28.01.2013  15:48:29   þ LBA Warning: 244390980
28.01.2013  15:48:29   þ LBA Warning: 244391235
28.01.2013  15:48:33   þ LBA Error: 244392145
28.01.2013  15:48:35   þ LBA warning: 244393020
28.01.2013  15:48:37   þ LBA warning: 244394805
28.01.2013  15:48:37   þ LBA Warning: 244395825
28.01.2013  15:48:38   þ LBA warning: 244396590
28.01.2013  15:48:39   þ LBA Warning: 244396845
28.01.2013  15:48:39   þ LBA Warning: 244397100
28.01.2013  15:48:41   þ LBA warning: 244397610
28.01.2013  15:48:42   þ LBA Warning: 244401435
28.01.2013  15:48:44   þ LBA warning: 244402455
28.01.2013  15:48:46   þ LBA warning: 244403220
28.01.2013  15:48:46   þ LBA Warning: 244403475
28.01.2013  15:48:47   þ LBA warning: 244404240
28.01.2013  15:48:47   þ LBA Warning: 244405260
28.01.2013  15:48:48   þ LBA warning: 244406280
28.01.2013  15:48:49   þ LBA warning: 244407045
28.01.2013  15:48:54   þ LBA Error: 244407325
28.01.2013  15:48:58   þ LBA warning: 244408065
28.01.2013  15:49:02   þ LBA Error: 244409087
28.01.2013  15:49:05   þ LBA warning: 244514655
28.01.2013  15:49:07   þ LBA warning: 244516440
28.01.2013  15:49:09   þ LBA warning: 244518480
28.01.2013  15:49:09   þ LBA Warning: 244519245
28.01.2013  15:49:09   þ LBA Warning: 244520265
28.01.2013  15:49:10   þ LBA warning: 244522050
28.01.2013  15:49:10   þ LBA warning: 244523070
28.01.2013  15:49:11   þ LBA Warning: 244526130
28.01.2013  15:49:11   þ LBA Warning: 244528425
28.01.2013  15:49:12   þ LBA warning: 244528680
28.01.2013  15:49:12   þ LBA Warning: 244529700
28.01.2013  15:49:13   þ LBA Warning: 244530720
28.01.2013  15:49:13   þ LBA Warning: 244532505
28.01.2013  15:49:14   þ LBA Warning: 244532760
28.01.2013  15:49:14   þ LBA Warning: 244534290
28.01.2013  15:49:15   þ LBA warning: 244540920
28.01.2013  15:49:15   þ LBA Warning: 244541685
28.01.2013  15:49:16   þ LBA Warning: 244541940
28.01.2013  15:49:17   þ LBA warning: 244544745
28.01.2013  15:49:17   þ LBA Warning: 244547295
28.01.2013  15:49:18   þ LBA warning: 244547550
28.01.2013  15:49:19   þ LBA Warning: 244548315
28.01.2013  15:49:19   þ LBA Warning: 244548570
28.01.2013  15:49:19   þ LBA Warning: 244549335
28.01.2013  15:49:20   þ LBA warning: 244550355
28.01.2013  15:49:21   þ LBA Warning: 244550610
28.01.2013  15:49:22   þ LBA warning: 244553160
28.01.2013  15:49:22   þ LBA Warning: 244553415
28.01.2013  15:49:23   þ LBA warning: 244554945
28.01.2013  15:49:28   þ LBA Error: 244557184
28.01.2013  15:49:33   þ LBA warning: 244558770
28.01.2013  15:49:34   þ LBA warning: 244559025
28.01.2013  15:49:36   þ LBA warning: 244563615
28.01.2013  15:49:38   þ LBA warning: 244589880
28.01.2013  15:49:38   þ LBA Warning: 244591665
28.01.2013  15:49:39   þ LBA Warning: 244595490
28.01.2013  15:49:43   þ LBA Error: 244596533
28.01.2013  15:49:43   þ LBA Warning: 244607730
28.01.2013  15:49:44   þ LBA Warning: 244612320
28.01.2013  15:49:47   þ LBA warning: 244728345
28.01.2013  15:49:48   þ LBA Warning: 244728600
28.01.2013  15:49:52   þ LBA Error: 244730424
28.01.2013  15:49:52   þ LBA Warning: 244731150
28.01.2013  15:49:53   þ LBA Warning: 244741605
28.01.2013  15:49:54   þ LBA warning: 244741860
28.01.2013  15:49:55   þ LBA Warning: 244750020
28.01.2013  15:49:56   þ LBA Warning: 244755630
28.01.2013  15:49:58   þ LBA warning: 244755885
28.01.2013  15:49:58   þ LBA Warning: 244756650
28.01.2013  15:50:01   þ LBA warning: 244773480
28.01.2013  15:50:02   þ LBA Warning: 244778325
28.01.2013  15:50:02   þ LBA warning: 244778580
28.01.2013  15:50:08   þ LBA warning: 244793370
28.01.2013  15:50:08   þ LBA Warning: 244793625
28.01.2013  15:50:10   þ LBA warning: 244803825
28.01.2013  15:50:12   þ LBA warning: 244804590
28.01.2013  15:50:12   þ LBA Warning: 244807395
28.01.2013  15:50:13   þ LBA Warning: 244808415
28.01.2013  15:50:13   þ LBA warning: 244809435
28.01.2013  15:50:16   þ LBA warning: 244816065
28.01.2013  15:50:21   þ LBA warning: 244932855
28.01.2013  15:50:22   þ LBA warning: 244933875
28.01.2013  15:50:23   þ LBA warning: 244936425
28.01.2013  15:50:24   þ LBA warning: 244939485
28.01.2013  15:50:24   þ LBA Warning: 244941270
28.01.2013  15:50:25   þ LBA Warning: 244942290
28.01.2013  15:50:25   þ LBA Warning: 244942545
28.01.2013  15:50:26   þ LBA warning: 244945095
28.01.2013  15:50:26   þ LBA Warning: 244946115
28.01.2013  15:50:26   þ LBA Warning: 244946880
28.01.2013  15:50:30   þ LBA warning: 244947900
28.01.2013  15:50:30   þ LBA Warning: 244948155
28.01.2013  15:50:30   þ LBA warning: 244948920
28.01.2013  15:50:32   þ LBA warning: 244949685
28.01.2013  15:50:33   þ LBA Warning: 244949940
28.01.2013  15:50:33   þ LBA Warning: 244951725
28.01.2013  15:50:37   þ LBA Error: 244954643
28.01.2013  15:50:37   þ LBA Warning: 244954785
28.01.2013  15:50:38   þ LBA Warning: 244956315
28.01.2013  15:50:38   þ LBA warning: 244957335
28.01.2013  15:50:40   þ LBA warning: 244958100
28.01.2013  15:50:40   þ LBA Warning: 244958355
28.01.2013  15:50:41   þ LBA warning: 244961160
28.01.2013  15:50:42   þ LBA Warning: 244962180
28.01.2013  15:50:43   þ LBA warning: 244962945
28.01.2013  15:50:43   þ LBA Warning: 244963965
28.01.2013  15:50:44   þ LBA warning: 244964730
28.01.2013  15:50:45   þ LBA Warning: 244970340
28.01.2013  15:50:45   þ LBA Warning: 244970595
28.01.2013  15:50:47   þ LBA warning: 244971360
28.01.2013  15:50:47   þ LBA Warning: 244973400
28.01.2013  15:50:47   þ LBA Warning: 244974420
28.01.2013  15:50:48   þ LBA Warning: 244976970
28.01.2013  15:50:48   þ LBA Warning: 244980795
28.01.2013  15:50:49   þ LBA Warning: 244981815
28.01.2013  15:50:49   þ LBA Warning: 244982070
28.01.2013  15:50:51   þ LBA warning: 244987425
28.01.2013  15:50:52   þ LBA warning: 244987680
28.01.2013  15:50:52   þ LBA Warning: 244990230
28.01.2013  15:50:52   þ LBA Warning: 244990485
28.01.2013  15:50:53   þ LBA Warning: 244992270
28.01.2013  15:50:53   þ LBA Warning: 244993035
28.01.2013  15:50:53   þ LBA Warning: 244993290
28.01.2013  15:50:54   þ LBA warning: 244994055
28.01.2013  15:50:54   þ LBA Warning: 244994820
28.01.2013  15:50:54   þ LBA Warning: 244995075
28.01.2013  15:50:55   þ LBA Warning: 244999665
28.01.2013  15:50:55   þ LBA Warning: 244999920
28.01.2013  15:50:56   þ LBA Warning: 245002470
28.01.2013  15:50:56   þ LBA Warning: 245002725
28.01.2013  15:50:57   þ LBA Warning: 245003490
28.01.2013  15:50:57   þ LBA Warning: 245008845
28.01.2013  15:50:58   þ LBA Warning: 245009100
28.01.2013  15:51:00   þ LBA warning: 245010120
28.01.2013  15:51:00   þ LBA Warning: 245011140
28.01.2013  15:51:01   þ LBA Warning: 245015475
28.01.2013  15:51:01   þ LBA Warning: 245015730
28.01.2013  15:51:01   þ LBA Warning: 245016495
28.01.2013  15:51:02   þ LBA warning: 245020575
28.01.2013  15:51:03   þ LBA warning: 245024145
28.01.2013  15:51:04   þ LBA warning: 245024400
28.01.2013  15:51:05   þ LBA Warning: 245025165
28.01.2013  15:51:06   þ LBA warning: 245027970
28.01.2013  15:51:06   þ LBA Warning: 245028480
28.01.2013  15:51:07   þ LBA warning: 245031795
28.01.2013  15:51:10   þ LBA warning: 245142975
28.01.2013  15:51:10   þ LBA warning: 245143995
28.01.2013  15:51:11   þ LBA Warning: 245145780
28.01.2013  15:51:13   þ LBA Warning: 245158020
28.01.2013  15:51:14   þ LBA warning: 245163630
28.01.2013  15:51:15   þ LBA warning: 245166435
28.01.2013  15:51:15   þ LBA Warning: 245168475
28.01.2013  15:51:17   þ LBA warning: 245170260
28.01.2013  15:51:19   þ LBA warning: 245176890
28.01.2013  15:51:19   þ LBA Warning: 245177655
28.01.2013  15:51:19   þ LBA Warning: 245177910
28.01.2013  15:51:19   þ LBA Warning: 245178420
28.01.2013  15:51:20   þ LBA Warning: 245178675
28.01.2013  15:51:20   þ LBA Warning: 245181480
28.01.2013  15:51:23   þ LBA warning: 245184285
28.01.2013  15:51:23   þ LBA Warning: 245184540
28.01.2013  15:51:24   þ LBA Warning: 245186325
28.01.2013  15:51:25   þ LBA warning: 245187090
28.01.2013  15:51:26   þ LBA warning: 245187345
28.01.2013  15:51:27   þ LBA warning: 245188875
28.01.2013  15:51:28   þ LBA warning: 245189130
28.01.2013  15:51:28   þ LBA Warning: 245190660
28.01.2013  15:51:29   þ LBA Warning: 245191935
28.01.2013  15:51:29   þ LBA warning: 245193720
28.01.2013  15:51:30   þ LBA Warning: 245198310
28.01.2013  15:51:31   þ LBA warning: 245198565
28.01.2013  15:51:32   þ LBA warning: 245199330
28.01.2013  15:51:33   þ LBA Warning: 245203920
28.01.2013  15:51:33   þ LBA Warning: 245204175
28.01.2013  15:51:34   þ LBA warning: 245204940
28.01.2013  15:51:35   þ LBA warning: 245205960
28.01.2013  15:51:41   þ LBA Error: 245213717
28.01.2013  15:51:41   þ LBA Warning: 245214375
28.01.2013  15:51:41   þ LBA Warning: 245216160
28.01.2013  15:51:42   þ LBA Warning: 245216415
28.01.2013  15:51:43   þ LBA warning: 245217180
28.01.2013  15:51:44   þ LBA Warning: 245222790
28.01.2013  15:51:45   þ LBA warning: 245223810
28.01.2013  15:51:46   þ LBA Warning: 245228655
28.01.2013  15:51:47   þ LBA warning: 245229420
28.01.2013  15:51:48   þ LBA warning: 245229675
28.01.2013  15:51:49   þ LBA Warning: 245234265
28.01.2013  15:51:49   þ LBA Warning: 245236050
28.01.2013  15:51:49   þ LBA Warning: 245238855
28.01.2013  15:51:52   þ LBA warning: 245242680
28.01.2013  15:51:54   þ LBA warning: 245244720
28.01.2013  15:51:55   þ LBA warning: 245245740
28.01.2013  15:52:03   þ LBA Warning: 245770275
28.01.2013  15:52:04   þ LBA Warning: 245770530
28.01.2013  15:52:08   þ LBA Error: 245771284
28.01.2013  15:52:08   þ LBA Warning: 245771295
28.01.2013  15:52:11   þ LBA warning: 245773080
28.01.2013  15:52:11   þ LBA Warning: 245774100
28.01.2013  15:52:11   þ LBA Warning: 245775120
28.01.2013  15:52:12   þ LBA warning: 245775885
28.01.2013  15:52:12   þ LBA Warning: 245776905
28.01.2013  15:52:12   þ LBA Warning: 245777160
28.01.2013  15:52:13   þ LBA Warning: 245777670
28.01.2013  15:52:14   þ LBA warning: 245777925
28.01.2013  15:52:15   þ LBA Warning: 245779710
28.01.2013  15:52:16   þ LBA Warning: 245786595
28.01.2013  15:52:17   þ LBA warning: 245788125
28.01.2013  15:52:20   þ LBA warning: 245788380
28.01.2013  15:52:21   þ LBA Warning: 245790165
28.01.2013  15:52:21   þ LBA Warning: 245790930
28.01.2013  15:52:21   þ LBA Warning: 245791950
28.01.2013  15:52:22   þ LBA Warning: 245793990
28.01.2013  15:52:22   þ LBA Warning: 245796540
28.01.2013  15:52:26   þ LBA warning: 245801385
28.01.2013  15:52:27   þ LBA Warning: 245801640
28.01.2013  15:52:27   þ LBA Warning: 245806995
28.01.2013  15:52:28   þ LBA Warning: 245808780
28.01.2013  15:52:32   þ LBA Error: 245809885
28.01.2013  15:52:34   þ LBA warning: 245812605
28.01.2013  15:52:34   þ LBA warning: 245812860
28.01.2013  15:52:35   þ LBA warning: 245817450
28.01.2013  15:52:36   þ LBA Warning: 245818470
28.01.2013  15:52:40   þ LBA warning: 245822040
28.01.2013  15:52:40   þ LBA warning: 245822295
28.01.2013  15:52:41   þ LBA Warning: 245824080
28.01.2013  15:52:45   þ LBA warning: 245826885
28.01.2013  15:52:46   þ LBA warning: 245827650
28.01.2013  15:52:47   þ LBA Warning: 245827905
28.01.2013  15:52:51   þ LBA warning: 245828415
28.01.2013  15:52:51   þ LBA warning: 245830710
28.01.2013  15:52:56   þ LBA Error: 245831717
28.01.2013  15:52:56   þ LBA Warning: 245832495
28.01.2013  15:52:57   þ LBA warning: 245835300
28.01.2013  15:52:57   þ LBA Warning: 245838870
28.01.2013  15:53:02   þ LBA warning: 245844735
28.01.2013  15:53:02   þ LBA Warning: 245844990
28.01.2013  15:53:02   þ LBA Warning: 245846520
28.01.2013  15:53:03   þ LBA Warning: 245846775
28.01.2013  15:53:03   þ LBA Warning: 245847285
28.01.2013  15:53:05   þ LBA warning: 245847540
28.01.2013  15:53:06   þ LBA warning: 245853150
28.01.2013  15:53:06   þ LBA Warning: 245853915
28.01.2013  15:53:07   þ LBA warning: 245854170
28.01.2013  15:53:09   þ LBA warning: 245857740
28.01.2013  15:53:10   þ LBA Warning: 245858760
28.01.2013  15:53:14   þ LBA Error: 245863617
28.01.2013  15:53:14   þ LBA Warning: 245864370
28.01.2013  15:53:15   þ LBA Warning: 245864625
28.01.2013  15:53:15   þ LBA Warning: 245865390
28.01.2013  15:53:15   þ LBA Warning: 245865645
28.01.2013  15:53:16   þ LBA warning: 245867175
28.01.2013  15:53:17   þ LBA Warning: 245867430
28.01.2013  15:53:21   þ LBA warning: 245870235
28.01.2013  15:53:22   þ LBA Warning: 245871000
28.01.2013  15:53:23   þ LBA warning: 245874825
28.01.2013  15:53:25   þ LBA warning: 245979375
28.01.2013  15:53:25   þ LBA warning: 245980395
28.01.2013  15:53:25   þ LBA Warning: 245982435
28.01.2013  15:53:27   þ LBA warning: 245983200
28.01.2013  15:53:27   þ LBA Warning: 245986005
28.01.2013  15:53:28   þ LBA Warning: 245989830
28.01.2013  15:53:30   þ LBA warning: 245998245
28.01.2013  15:53:30   þ LBA Warning: 245999265
28.01.2013  15:53:33   þ LBA warning: 246001050
28.01.2013  15:53:34   þ LBA warning: 246001305
28.01.2013  15:53:34   þ LBA Warning: 246002070
28.01.2013  15:53:34   þ LBA Warning: 246003090
28.01.2013  15:53:35   þ LBA Warning: 246003855
28.01.2013  15:53:36   þ LBA warning: 246004110
28.01.2013  15:53:37   þ LBA Warning: 246008700
28.01.2013  15:53:37   þ LBA Warning: 246009465
28.01.2013  15:53:37   þ LBA Warning: 246009720
28.01.2013  15:53:38   þ LBA Warning: 246011505
28.01.2013  15:53:38   þ LBA Warning: 246016095
28.01.2013  15:53:39   þ LBA Warning: 246016350
28.01.2013  15:53:40   þ LBA warning: 246017115
28.01.2013  15:53:40   þ LBA warning: 246017370
28.01.2013  15:53:42   þ LBA warning: 246023490
28.01.2013  15:53:42   þ LBA Warning: 246023745
28.01.2013  15:53:42   þ LBA Warning: 246024765
28.01.2013  15:53:43   þ LBA Warning: 246025530
28.01.2013  15:53:44   þ LBA warning: 246025785
28.01.2013  15:53:44   þ LBA Warning: 246027570
28.01.2013  15:53:44   þ LBA Warning: 246029355
28.01.2013  15:53:46   þ LBA Warning: 246039810
28.01.2013  15:53:48   þ LBA warning: 246047205
28.01.2013  15:53:48   þ LBA Warning: 246047460
28.01.2013  15:53:49   þ LBA warning: 246049245
28.01.2013  15:53:51   þ LBA warning: 246053835
28.01.2013  15:53:51   þ LBA Warning: 246055620
28.01.2013  15:53:55   þ LBA warning: 246058680
28.01.2013  15:53:57   þ LBA warning: 246059445
28.01.2013  15:53:58   þ LBA warning: 246060465
28.01.2013  15:53:59   þ LBA Warning: 246061485
28.01.2013  15:53:59   þ LBA Warning: 246062250
28.01.2013  15:53:59   þ LBA Warning: 246063270
28.01.2013  15:54:00   þ LBA warning: 246066075
28.01.2013  15:54:01   þ LBA Warning: 246066330
28.01.2013  15:54:01   þ LBA Warning: 246067095
28.01.2013  15:54:02   þ LBA Warning: 246068880
28.01.2013  15:54:02   þ LBA Warning: 246069135
28.01.2013  15:54:02   þ LBA Warning: 246070920
28.01.2013  15:54:02   þ LBA Warning: 246071685
28.01.2013  15:54:05   þ LBA warning: 246073470
28.01.2013  15:54:07   þ LBA warning: 246075510
28.01.2013  15:54:09   þ LBA Warning: 246083160
28.01.2013  15:54:10   þ LBA warning: 246083925
28.01.2013  15:54:14   þ LBA Error: 246084217
28.01.2013  15:54:16   þ LBA Warning: 246191535
28.01.2013  15:54:17   þ LBA Warning: 246192300
28.01.2013  15:54:17   þ LBA Warning: 246192555
28.01.2013  15:54:19   þ LBA warning: 246204540
28.01.2013  15:54:19   þ LBA warning: 246205560
28.01.2013  15:54:20   þ LBA Warning: 246206580
28.01.2013  15:54:20   þ LBA Warning: 246208365
28.01.2013  15:54:22   þ LBA warning: 246209385
28.01.2013  15:54:23   þ LBA Warning: 246212955
28.01.2013  15:54:23   þ LBA Warning: 246213210
28.01.2013  15:54:25   þ LBA warning: 246217800
28.01.2013  15:54:26   þ LBA warning: 246220605
28.01.2013  15:54:29   þ LBA warning: 246221625
28.01.2013  15:54:30   þ LBA warning: 246222645
28.01.2013  15:54:30   þ LBA Warning: 246223410
28.01.2013  15:54:30   þ LBA Warning: 246224430
28.01.2013  15:54:35   þ LBA warning: 246230040
28.01.2013  15:54:36   þ LBA Warning: 246230295
28.01.2013  15:54:38   þ LBA warning: 246230805
28.01.2013  15:54:39   þ LBA warning: 246231060
28.01.2013  15:54:44   þ LBA Error: 246232001
28.01.2013  15:54:44   þ LBA Warning: 246234630
28.01.2013  15:54:48   þ LBA warning: 246234885
28.01.2013  15:54:49   þ LBA warning: 246235650
28.01.2013  15:54:49   þ LBA Warning: 246235905
28.01.2013  15:54:49   þ LBA Warning: 246236670
28.01.2013  15:54:51   þ LBA Warning: 246253500
28.01.2013  15:54:54   þ LBA warning: 246253755
28.01.2013  15:54:56   þ LBA Warning: 246261915
28.01.2013  15:54:57   þ LBA warning: 246267525
28.01.2013  15:54:57   þ LBA Warning: 246267780
28.01.2013  15:54:58   þ LBA Warning: 246268035
28.01.2013  15:54:58   þ LBA Warning: 246268545
28.01.2013  15:54:58   þ LBA Warning: 246268800
28.01.2013  15:54:59   þ LBA Warning: 246272370
28.01.2013  15:54:59   þ LBA Warning: 246272625
28.01.2013  15:54:59   þ LBA Warning: 246274155
28.01.2013  15:55:01   þ LBA warning: 246275175
28.01.2013  15:55:01   þ LBA Warning: 246275430
28.01.2013  15:55:04   þ LBA warning: 246276960
28.01.2013  15:55:04   þ LBA Warning: 246282570
28.01.2013  15:55:05   þ LBA Warning: 246282825
28.01.2013  15:55:06   þ LBA warning: 246285630
28.01.2013  15:55:07   þ LBA warning: 246289200
28.01.2013  15:55:09   þ LBA warning: 246293025
28.01.2013  15:55:11   þ LBA Warning: 246398850
28.01.2013  15:55:12   þ LBA warning: 246399870
28.01.2013  15:55:13   þ LBA warning: 246400635
28.01.2013  15:55:15   þ LBA warning: 246405990
28.01.2013  15:55:16   þ LBA warning: 246406245
28.01.2013  15:55:16   þ LBA Warning: 246407010
28.01.2013  15:55:17   þ LBA warning: 246407265
28.01.2013  15:55:18   þ LBA Warning: 246408030
28.01.2013  15:55:18   þ LBA Warning: 246408285
28.01.2013  15:55:20   þ LBA warning: 246410070
28.01.2013  15:55:21   þ LBA warning: 246410835
28.01.2013  15:55:22   þ LBA Warning: 246411090
28.01.2013  15:55:22   þ LBA Warning: 246411855
28.01.2013  15:55:22   þ LBA Warning: 246412110
28.01.2013  15:55:23   þ LBA Warning: 246413640
28.01.2013  15:55:27   þ LBA Error: 246414756
28.01.2013  15:55:28   þ LBA Warning: 246415680
28.01.2013  15:55:28   þ LBA Warning: 246420270
28.01.2013  15:55:28   þ LBA Warning: 246420525
28.01.2013  15:55:29   þ LBA Warning: 246423330
28.01.2013  15:55:31   þ LBA warning: 246424095
28.01.2013  15:55:32   þ LBA warning: 246424350
28.01.2013  15:55:32   þ LBA Warning: 246425115
28.01.2013  15:55:32   þ LBA Warning: 246425370
28.01.2013  15:55:32   þ LBA Warning: 246426900
28.01.2013  15:55:35   þ LBA warning: 246439905
28.01.2013  15:55:36   þ LBA warning: 246440160
28.01.2013  15:55:36   þ LBA Warning: 246442965
28.01.2013  15:55:37   þ LBA Warning: 246443985
28.01.2013  15:55:37   þ LBA Warning: 246446535
28.01.2013  15:55:37   þ LBA Warning: 246447555
28.01.2013  15:55:38   þ LBA warning: 246451380
28.01.2013  15:55:42   þ LBA warning: 246455205
28.01.2013  15:55:42   þ LBA Warning: 246455460
28.01.2013  15:55:43   þ LBA Warning: 246456990
28.01.2013  15:55:45   þ LBA warning: 246458010
28.01.2013  15:55:45   þ LBA Warning: 246459795
28.01.2013  15:55:48   þ LBA warning: 246463620
28.01.2013  15:55:48   þ LBA Warning: 246465405
28.01.2013  15:55:49   þ LBA Warning: 246473055
28.01.2013  15:55:49   þ LBA Warning: 246475095
28.01.2013  15:55:55   þ LBA Error: 246476928
28.01.2013  15:55:57   þ LBA warning: 246485295
28.01.2013  15:55:57   þ LBA Warning: 246487335
28.01.2013  15:56:03   þ LBA warning: 246500340
28.01.2013  15:56:03   þ LBA Warning: 246501360
28.01.2013  15:56:05   þ LBA Warning: 246607695
28.01.2013  15:56:05   þ LBA Warning: 246607950
28.01.2013  15:56:10   þ LBA Error: 246612774
28.01.2013  15:56:10   þ LBA Warning: 246614580
28.01.2013  15:56:12   þ LBA warning: 246615345
28.01.2013  15:56:16   þ LBA Error: 246616356
28.01.2013  15:56:19   þ LBA warning: 246616365
28.01.2013  15:56:22   þ LBA warning: 246622740
28.01.2013  15:56:23   þ LBA Warning: 246622995
28.01.2013  15:56:23   þ LBA warning: 246624780
28.01.2013  15:56:24   þ LBA Warning: 246627585
28.01.2013  15:56:26   þ LBA warning: 246629370
28.01.2013  15:56:26   þ LBA Warning: 246629625
28.01.2013  15:56:27   þ LBA warning: 246633195
28.01.2013  15:56:28   þ LBA warning: 246633450
28.01.2013  15:56:29   þ LBA Warning: 246634215
28.01.2013  15:56:30   þ LBA warning: 246634980
28.01.2013  15:56:31   þ LBA warning: 246635235
28.01.2013  15:56:31   þ LBA Warning: 246636000
28.01.2013  15:56:32   þ LBA Warning: 246638040
28.01.2013  15:56:33   þ LBA warning: 246639060
28.01.2013  15:56:33   þ LBA Warning: 246639825
28.01.2013  15:56:33   þ LBA Warning: 246640845
28.01.2013  15:56:34   þ LBA Warning: 246644670
28.01.2013  15:56:34   þ LBA Warning: 246646455
28.01.2013  15:56:35   þ LBA Warning: 246652065
28.01.2013  15:56:35   þ LBA Warning: 246654870
28.01.2013  15:56:36   þ LBA warning: 246656910
28.01.2013  15:56:37   þ LBA warning: 246660480
28.01.2013  15:56:38   þ LBA Warning: 246661500
28.01.2013  15:56:38   þ LBA Warning: 246662520
28.01.2013  15:56:38   þ LBA Warning: 246663285
28.01.2013  15:56:40   þ LBA warning: 246665325
28.01.2013  15:56:45   þ LBA Error: 246666486
28.01.2013  15:56:46   þ LBA warning: 246671700
28.01.2013  15:56:48   þ LBA warning: 246671955
28.01.2013  15:56:49   þ LBA warning: 246673740
28.01.2013  15:56:51   þ LBA warning: 246675780
28.01.2013  15:56:52   þ LBA warning: 246676545
28.01.2013  15:56:53   þ LBA warning: 246676800
28.01.2013  15:56:53   þ LBA warning: 246677565
28.01.2013  15:56:54   þ LBA Warning: 246679350
28.01.2013  15:56:56   þ LBA warning: 246680115
28.01.2013  15:56:57   þ LBA Warning: 246685980
28.01.2013  15:56:57   þ LBA Warning: 246688785
28.01.2013  15:56:58   þ LBA warning: 246689040
28.01.2013  15:56:58   þ LBA Warning: 246689805
28.01.2013  15:56:59   þ LBA Warning: 246695415
28.01.2013  15:56:59   þ LBA Warning: 246698985
28.01.2013  15:57:00   þ LBA warning: 246700005
28.01.2013  15:57:01   þ LBA Warning: 246701025
28.01.2013  15:57:01   þ LBA Warning: 246701790
28.01.2013  15:57:03   þ LBA warning: 246702045
28.01.2013  15:57:03   þ LBA Warning: 246705615
28.01.2013  15:57:05   þ LBA warning: 246710460
28.01.2013  15:57:05   þ LBA Warning: 246711225
28.01.2013  15:57:05   þ LBA Warning: 246711480
28.01.2013  15:57:10   þ LBA Error: 246817203
28.01.2013  15:57:13   þ LBA warning: 246817815
28.01.2013  15:57:13   þ LBA Warning: 246819855
28.01.2013  15:57:14   þ LBA Warning: 246827250
28.01.2013  15:57:16   þ LBA warning: 246827505
28.01.2013  15:57:16   þ LBA Warning: 246828270
28.01.2013  15:57:16   þ LBA Warning: 246829290
28.01.2013  15:57:18   þ LBA warning: 246830055
28.01.2013  15:57:20   þ LBA warning: 246837705
28.01.2013  15:57:20   þ LBA Warning: 246838470
28.01.2013  15:57:21   þ LBA Warning: 246844335
28.01.2013  15:57:21   þ LBA warning: 246845355
28.01.2013  15:57:23   þ LBA warning: 246848925
28.01.2013  15:57:23   þ LBA Warning: 246849180
28.01.2013  15:57:23   þ LBA Warning: 246849690
28.01.2013  15:57:24   þ LBA Warning: 246849945
28.01.2013  15:57:24   þ LBA Warning: 246854535
28.01.2013  15:57:25   þ LBA Warning: 246854790
28.01.2013  15:57:26   þ LBA Warning: 246867795
28.01.2013  15:57:27   þ LBA warning: 246873405
28.01.2013  15:57:28   þ LBA warning: 246874425
28.01.2013  15:57:30   þ LBA warning: 246875190
28.01.2013  15:57:31   þ LBA Warning: 246878250
28.01.2013  15:57:31   þ LBA Warning: 246883860
28.01.2013  15:57:32   þ LBA warning: 246887430
28.01.2013  15:57:33   þ LBA warning: 246887685
28.01.2013  15:57:34   þ LBA warning: 246893295
28.01.2013  15:57:34   þ LBA Warning: 246894060
28.01.2013  15:57:35   þ LBA Warning: 246895080
28.01.2013  15:57:36   þ LBA warning: 246896100
28.01.2013  15:57:36   þ LBA warning: 246900690
28.01.2013  15:57:37   þ LBA warning: 246901710
28.01.2013  15:57:38   þ LBA warning: 246902730
28.01.2013  15:57:40   þ LBA warning: 246903495
28.01.2013  15:57:40   þ LBA Warning: 246903750
28.01.2013  15:57:40   þ LBA Warning: 246905535
28.01.2013  15:57:42   þ LBA warning: 246907320
28.01.2013  15:57:43   þ LBA Warning: 246911910
28.01.2013  15:57:44   þ LBA warning: 246912165
28.01.2013  15:57:44   þ LBA Warning: 246912420
28.01.2013  15:57:49   þ LBA Error: 246914994
28.01.2013  15:57:50   þ LBA warning: 246915990
28.01.2013  15:57:50   þ LBA Warning: 246917775
28.01.2013  15:57:50   þ LBA Warning: 246920325
28.01.2013  15:57:52   þ LBA warning: 247026150
28.01.2013  15:57:53   þ LBA Warning: 247029975
28.01.2013  15:57:54   þ LBA Warning: 247030740
28.01.2013  15:57:54   þ LBA Warning: 247030995
28.01.2013  15:57:54   þ LBA Warning: 247032525
28.01.2013  15:57:54   þ LBA Warning: 247032780
28.01.2013  15:57:56   þ LBA warning: 247037370
28.01.2013  15:57:57   þ LBA warning: 247039155
28.01.2013  15:57:57   þ LBA warning: 247040175
28.01.2013  15:57:58   þ LBA Warning: 247042980
28.01.2013  15:57:59   þ LBA Warning: 247050630
28.01.2013  15:58:00   þ LBA Warning: 247057005
28.01.2013  15:58:00   þ LBA Warning: 247057260
28.01.2013  15:58:01   þ LBA Warning: 247062870
28.01.2013  15:58:01   þ LBA Warning: 247063635
28.01.2013  15:58:02   þ LBA Warning: 247064910
28.01.2013  15:58:02   þ LBA Warning: 247066695
28.01.2013  15:58:02   þ LBA Warning: 247068480
28.01.2013  15:58:04   þ LBA warning: 247070265
28.01.2013  15:58:05   þ LBA Warning: 247076895
28.01.2013  15:58:06   þ LBA Warning: 247077150
28.01.2013  15:58:06   þ LBA Warning: 247080720
28.01.2013  15:58:06   þ LBA Warning: 247081740
28.01.2013  15:58:07   þ LBA Warning: 247081995
28.01.2013  15:58:07   þ LBA Warning: 247085565
28.01.2013  15:58:08   þ LBA Warning: 247088115
28.01.2013  15:58:10   þ LBA warning: 247089135
28.01.2013  15:58:11   þ LBA warning: 247089900
28.01.2013  15:58:12   þ LBA Warning: 247090155
28.01.2013  15:58:13   þ LBA Warning: 247099590
28.01.2013  15:58:14   þ LBA Warning: 247105200
28.01.2013  15:58:14   þ LBA Warning: 247106985
28.01.2013  15:58:16   þ LBA warning: 247110810
28.01.2013  15:58:20   þ LBA Error: 247111898
28.01.2013  15:58:21   þ LBA Warning: 247113615
28.01.2013  15:58:21   þ LBA Warning: 247114635
28.01.2013  15:58:22   þ LBA Warning: 247118460
28.01.2013  15:58:23   þ LBA warning: 247119225
28.01.2013  15:58:26   þ LBA warning: 247121010
28.01.2013  15:58:28   þ LBA warning: 247122030
28.01.2013  15:58:29   þ LBA Warning: 247128660
28.01.2013  15:58:31   þ LBA Warning: 247240860
28.01.2013  15:58:34   þ LBA warning: 247247490
28.01.2013  15:58:34   þ LBA Warning: 247250295
28.01.2013  15:58:35   þ LBA warning: 247251315
28.01.2013  15:58:36   þ LBA Warning: 247253100
28.01.2013  15:58:38   þ LBA warning: 247254120
28.01.2013  15:58:40   þ LBA warning: 247258710
28.01.2013  15:58:41   þ LBA Warning: 247258965
28.01.2013  15:58:41   þ LBA Warning: 247259475
28.01.2013  15:58:43   þ LBA warning: 247259730
28.01.2013  15:58:44   þ LBA Warning: 247265340
28.01.2013  15:58:46   þ LBA warning: 247267380
28.01.2013  15:58:47   þ LBA warning: 247269165
28.01.2013  15:58:48   þ LBA warning: 247270950
28.01.2013  15:58:48   þ LBA Warning: 247272735
28.01.2013  15:58:49   þ LBA Warning: 247272990
28.01.2013  15:58:50   þ LBA warning: 247274010
28.01.2013  15:58:50   þ LBA Warning: 247275795
28.01.2013  15:58:51   þ LBA warning: 247276560
28.01.2013  15:58:52   þ LBA warning: 247276815
28.01.2013  15:58:53   þ LBA Warning: 247284210
28.01.2013  15:58:53   þ LBA Warning: 247284975
28.01.2013  15:58:54   þ LBA Warning: 247285230
28.01.2013  15:58:54   þ LBA Warning: 247287015
28.01.2013  15:58:54   þ LBA Warning: 247288800
28.01.2013  15:58:55   þ LBA Warning: 247291605
28.01.2013  15:58:55   þ LBA Warning: 247293645
28.01.2013  15:59:00   þ LBA Error: 247296547
28.01.2013  15:59:00   þ LBA Warning: 247298235
28.01.2013  15:59:01   þ LBA Warning: 247302060
28.01.2013  15:59:06   þ LBA Error: 247302404
28.01.2013  15:59:09   þ LBA warning: 247304865
28.01.2013  15:59:09   þ LBA Warning: 247309710
28.01.2013  15:59:10   þ LBA Warning: 247317105
28.01.2013  15:59:11   þ LBA Warning: 247317360
28.01.2013  15:59:15   þ LBA Error: 247319193
28.01.2013  15:59:16   þ LBA warning: 247321695
28.01.2013  15:59:23   þ LBA warning: 247321950
28.01.2013  15:59:24   þ LBA warning: 247322715
28.01.2013  15:59:24   þ LBA warning: 247322970
28.01.2013  15:59:25   þ LBA warning: 247323480
28.01.2013  15:59:27   þ LBA warning: 247323735
28.01.2013  15:59:29   þ LBA warning: 247326540
28.01.2013  15:59:29   þ LBA Warning: 247329345
28.01.2013  15:59:30   þ LBA Warning: 247334190
28.01.2013  15:59:30   þ LBA warning: 247334955
28.01.2013  15:59:31   þ LBA Warning: 247335720
28.01.2013  15:59:32   þ LBA warning: 247335975
28.01.2013  15:59:33   þ LBA warning: 247338015
28.01.2013  15:59:40   þ LBA Warning: 247864590
28.01.2013  15:59:41   þ LBA Warning: 247875555
28.01.2013  15:59:42   þ LBA Warning: 247875810
28.01.2013  15:59:42   þ LBA Warning: 247876065
28.01.2013  15:59:42   þ LBA Warning: 247879635
28.01.2013  15:59:43   þ LBA Warning: 247881420
28.01.2013  15:59:43   þ LBA Warning: 247881675
28.01.2013  15:59:43   þ LBA Warning: 247882440
28.01.2013  15:59:43   þ LBA Warning: 247882695
28.01.2013  15:59:44   þ LBA warning: 247886265
28.01.2013  15:59:44   þ LBA Warning: 247887030
28.01.2013  15:59:45   þ LBA Warning: 247893660
28.01.2013  15:59:46   þ LBA Warning: 247893915
28.01.2013  15:59:46   þ LBA Warning: 247896465
28.01.2013  15:59:47   þ LBA Warning: 247901055
28.01.2013  15:59:48   þ LBA Warning: 247905900
28.01.2013  15:59:49   þ LBA warning: 247909470
28.01.2013  15:59:49   þ LBA warning: 247909725
28.01.2013  15:59:50   þ LBA Warning: 247910745
28.01.2013  15:59:54   þ LBA Error: 247913612
28.01.2013  15:59:55   þ LBA Warning: 247919925
28.01.2013  15:59:57   þ LBA warning: 247920180
28.01.2013  15:59:57   þ LBA Warning: 247922730
28.01.2013  15:59:58   þ LBA Warning: 247922985
28.01.2013  15:59:58   þ LBA Warning: 247927575
28.01.2013  15:59:59   þ LBA Warning: 247934205
28.01.2013  16:00:00   þ LBA Warning: 247941600
28.01.2013  16:00:01   þ LBA warning: 247943640
28.01.2013  16:00:04   þ LBA warning: 247945425
28.01.2013  16:00:04   þ LBA Warning: 247949250
28.01.2013  16:00:05   þ LBA Warning: 247950270
28.01.2013  16:00:05   þ LBA Warning: 247953075
28.01.2013  16:00:05   þ LBA Warning: 247953840
28.01.2013  16:00:07   þ LBA warning: 247956900
28.01.2013  16:00:08   þ LBA Warning: 247958685
28.01.2013  16:00:08   þ LBA Warning: 247962510
28.01.2013  16:00:10   þ LBA warning: 248072670
28.01.2013  16:00:11   þ LBA Warning: 248073690
28.01.2013  16:00:12   þ LBA warning: 248076495
28.01.2013  16:00:13   þ LBA Warning: 248083890
28.01.2013  16:00:14   þ LBA warning: 248084145
28.01.2013  16:00:21   þ LBA Error: 248109545
28.01.2013  16:00:23   þ LBA warning: 248109645
28.01.2013  16:00:24   þ LBA Warning: 248116020
28.01.2013  16:00:24   þ LBA Warning: 248116275
28.01.2013  16:00:26   þ LBA warning: 248117040
28.01.2013  16:00:26   þ LBA Warning: 248117805
28.01.2013  16:00:27   þ LBA Warning: 248120865
28.01.2013  16:00:28   þ LBA Warning: 248127495
28.01.2013  16:00:28   þ LBA Warning: 248130045
28.01.2013  16:00:29   þ LBA warning: 248134125
28.01.2013  16:00:30   þ LBA Warning: 248134890
28.01.2013  16:00:30   þ LBA warning: 248135655
28.01.2013  16:00:31   þ LBA warning: 248136675
28.01.2013  16:00:31   þ LBA Warning: 248138715
28.01.2013  16:00:31   þ LBA Warning: 248139480
28.01.2013  16:00:32   þ LBA warning: 248139735
28.01.2013  16:00:36   þ LBA Error: 248141488
28.01.2013  16:00:37   þ LBA Warning: 248141520
28.01.2013  16:00:41   þ LBA Error: 248142400
28.01.2013  16:00:43   þ LBA Warning: 248161920
28.01.2013  16:00:44   þ LBA Warning: 248164980
28.01.2013  16:00:44   þ LBA Warning: 248166765
28.01.2013  16:00:45   þ LBA warning: 248169825
28.01.2013  16:00:46   þ LBA warning: 248170845
28.01.2013  16:00:46   þ LBA Warning: 248173395
28.01.2013  16:00:50   þ LBA warning: 248320530
28.01.2013  16:00:52   þ LBA warning: 248323080
28.01.2013  16:00:59   þ LBA Warning: 248713740
28.01.2013  16:01:12   þ LBA Warning: 249346140
28.01.2013  16:01:13   þ LBA warning: 249351495
28.01.2013  16:01:21   þ LBA warning: 249556005
28.01.2013  16:01:23   þ LBA warning: 249589155
28.01.2013  16:01:26   þ LBA Warning: 249725835
28.01.2013  16:01:27   þ LBA Warning: 249741135
28.01.2013  16:01:29   þ LBA warning: 249780660
28.01.2013  16:01:30   þ LBA Warning: 249807180
28.01.2013  16:01:33   þ LBA warning: 249954060
28.01.2013  16:02:05   þ LBA warning: 251620485
28.01.2013  16:02:12   þ LBA Warning: 252022110
28.01.2013  16:02:16   þ LBA warning: 252240390
28.01.2013  16:02:30   þ LBA Warning: 253191795
28.01.2013  16:02:36   þ LBA Error: 253237750
28.01.2013  16:02:40   þ LBA Warning: 253395285
28.01.2013  16:02:41   þ LBA Warning: 253408290
28.01.2013  16:02:46   þ LBA warning: 253601835
28.01.2013  16:02:53   þ LBA Warning: 253826235
28.01.2013  16:02:55   þ LBA Warning: 253851735
28.01.2013  16:02:56   þ LBA Warning: 253875705
28.01.2013  16:02:59   þ LBA warning: 253901205
28.01.2013  16:02:59   þ LBA Warning: 253904010
28.01.2013  16:02:59   þ LBA Warning: 253905030
28.01.2013  16:03:05   þ LBA warning: 254063640
28.01.2013  16:03:06   þ LBA warning: 254071035
28.01.2013  16:03:09   þ LBA warning: 254088375
28.01.2013  16:03:09   þ LBA Warning: 254090415
28.01.2013  16:03:14   þ LBA Warning: 254254380
28.01.2013  16:03:18   þ LBA Warning: 254433135
28.01.2013  16:03:20   þ LBA Warning: 254474190
28.01.2013  16:03:21   þ LBA Warning: 254474700
28.01.2013  16:03:21   þ LBA Warning: 254475210
28.01.2013  16:03:23   þ LBA Warning: 254499945
28.01.2013  16:03:24   þ LBA Warning: 254517285
28.01.2013  16:03:26   þ LBA Warning: 254634840
28.01.2013  16:03:27   þ LBA Warning: 254645040
28.01.2013  16:03:27   þ LBA Warning: 254650395
28.01.2013  16:03:30   þ LBA Warning: 254691705
28.01.2013  16:03:31   þ LBA warning: 254706240
28.01.2013  16:03:37   þ LBA Error: 254831011
28.01.2013  16:03:38   þ LBA Warning: 254855670
28.01.2013  16:03:43   þ LBA Error: 254877916
28.01.2013  16:03:44   þ LBA warning: 254881425
28.01.2013  16:03:50   þ LBA Error: 254913517
28.01.2013  16:03:55   þ LBA warning: 255064770
28.01.2013  16:03:56   þ LBA Warning: 255080325
28.01.2013  16:03:57   þ LBA Warning: 255085680
28.01.2013  16:03:57   þ LBA Warning: 255085935
28.01.2013  16:04:01   þ LBA Warning: 255130815
28.01.2013  16:04:07   þ LBA Error: 255249177
28.01.2013  16:04:07   þ LBA Warning: 255255510
28.01.2013  16:04:08   þ LBA Warning: 255267240
28.01.2013  16:04:11   þ LBA warning: 255309570
28.01.2013  16:04:28   þ LBA Warning: 256279080
28.01.2013  16:04:33   þ LBA warning: 256531785
28.01.2013  16:04:38   þ LBA Warning: 256843140
28.01.2013  16:04:46   þ LBA Warning: 257281230
28.01.2013  16:04:49   þ LBA Warning: 257463555
28.01.2013  16:04:50   þ LBA Warning: 257508945
28.01.2013  16:04:58   þ LBA warning: 257875635
28.01.2013  16:05:15   þ LBA Warning: 259059090
28.01.2013  16:05:28   þ LBA Warning: 259844235
28.01.2013  16:05:46   þ LBA Warning: 261064155
28.01.2013  16:05:52   þ LBA warning: 261483375
28.01.2013  16:17:47   Time spent: 01:19:03
28.01.2013  16:17:47    Blocks <   3ms = 924298
28.01.2013  16:17:47    Blocks <  10ms = 290098
28.01.2013  16:17:47    Blocks <  50ms = 7534
28.01.2013  16:17:47    Blocks < 150ms = 2372
28.01.2013  16:17:47    Blocks < 500ms = 862
28.01.2013  16:17:47    Blocks > 500ms = 588
28.01.2013  16:17:47   Errors: 60, Warnings: 1450
28.01.2013  16:17:47   Done
28.01.2013  16:18:06   
28.01.2013  16:18:06   MHDD>EXIT 
28.01.2013  16:18:06   MHDD: Exit
